\BOOKMARK [0][]{Doc-Start}{Preface}{}% 1
\BOOKMARK [1][]{section*.1}{Abstract}{Doc-Start}% 2
\BOOKMARK [1][]{section*.2}{Table of Contents}{Doc-Start}% 3
\BOOKMARK [0][]{chapter.1}{Introduction}{}% 4
\BOOKMARK [1][]{section.1.1}{Related Work}{chapter.1}% 5
\BOOKMARK [0][]{chapter.2}{Methodolgy}{}% 6
\BOOKMARK [1][]{section.2.1}{Dataset Processing}{chapter.2}% 7
\BOOKMARK [1][]{section.2.2}{Pre-Processing}{chapter.2}% 8
\BOOKMARK [2][]{subsection.2.2.1}{Image Processing}{section.2.2}% 9
\BOOKMARK [2][]{subsection.2.2.2}{Environemnt Handling}{section.2.2}% 10
\BOOKMARK [1][]{section.2.3}{Number Plate Localization}{chapter.2}% 11
\BOOKMARK [2][]{subsection.2.3.1}{Morphology}{section.2.3}% 12
\BOOKMARK [2][]{subsection.2.3.2}{Edge Detection}{section.2.3}% 13
\BOOKMARK [2][]{subsection.2.3.3}{Contours}{section.2.3}% 14
\BOOKMARK [2][]{subsection.2.3.4}{Stepwise License Plate Detection}{section.2.3}% 15
\BOOKMARK [1][]{section.2.4}{Examples}{chapter.2}% 16
\BOOKMARK [0][]{chapter.3}{Final Chapter}{}% 17
\BOOKMARK [1][]{section.3.1}{Limitations}{chapter.3}% 18
\BOOKMARK [2][]{subsection.3.1.1}{Automatic License Plate Recognition}{section.3.1}% 19
\BOOKMARK [1][]{section.3.2}{Conclusion}{chapter.3}% 20
\BOOKMARK [0][]{chapter*.6}{References}{}% 21
